ARM GAS  /tmp/ccBXP1Y8.s 			page 1


   1              		.cpu cortex-m3
   2              		.eabi_attribute 20, 1
   3              		.eabi_attribute 21, 1
   4              		.eabi_attribute 23, 3
   5              		.eabi_attribute 24, 1
   6              		.eabi_attribute 25, 1
   7              		.eabi_attribute 26, 1
   8              		.eabi_attribute 30, 1
   9              		.eabi_attribute 34, 1
  10              		.eabi_attribute 18, 4
  11              		.file	"stm32f1xx_hal_msp.c"
  12              		.text
  13              	.Ltext0:
  14              		.cfi_sections	.debug_frame
  15              		.section	.text.HAL_MspInit,"ax",%progbits
  16              		.align	1
  17              		.global	HAL_MspInit
  18              		.syntax unified
  19              		.thumb
  20              		.thumb_func
  21              		.fpu softvfp
  23              	HAL_MspInit:
  24              	.LFB64:
  25              		.file 1 "Src/stm32f1xx_hal_msp.c"
   1:Src/stm32f1xx_hal_msp.c **** /**
   2:Src/stm32f1xx_hal_msp.c ****   ******************************************************************************
   3:Src/stm32f1xx_hal_msp.c ****   * File Name          : stm32f1xx_hal_msp.c
   4:Src/stm32f1xx_hal_msp.c ****   * Description        : This file provides code for the MSP Initialization 
   5:Src/stm32f1xx_hal_msp.c ****   *                      and de-Initialization codes.
   6:Src/stm32f1xx_hal_msp.c ****   ******************************************************************************
   7:Src/stm32f1xx_hal_msp.c ****   ** This notice applies to any and all portions of this file
   8:Src/stm32f1xx_hal_msp.c ****   * that are not between comment pairs USER CODE BEGIN and
   9:Src/stm32f1xx_hal_msp.c ****   * USER CODE END. Other portions of this file, whether 
  10:Src/stm32f1xx_hal_msp.c ****   * inserted by the user or by software development tools
  11:Src/stm32f1xx_hal_msp.c ****   * are owned by their respective copyright owners.
  12:Src/stm32f1xx_hal_msp.c ****   *
  13:Src/stm32f1xx_hal_msp.c ****   * COPYRIGHT(c) 2017 STMicroelectronics
  14:Src/stm32f1xx_hal_msp.c ****   *
  15:Src/stm32f1xx_hal_msp.c ****   * Redistribution and use in source and binary forms, with or without modification,
  16:Src/stm32f1xx_hal_msp.c ****   * are permitted provided that the following conditions are met:
  17:Src/stm32f1xx_hal_msp.c ****   *   1. Redistributions of source code must retain the above copyright notice,
  18:Src/stm32f1xx_hal_msp.c ****   *      this list of conditions and the following disclaimer.
  19:Src/stm32f1xx_hal_msp.c ****   *   2. Redistributions in binary form must reproduce the above copyright notice,
  20:Src/stm32f1xx_hal_msp.c ****   *      this list of conditions and the following disclaimer in the documentation
  21:Src/stm32f1xx_hal_msp.c ****   *      and/or other materials provided with the distribution.
  22:Src/stm32f1xx_hal_msp.c ****   *   3. Neither the name of STMicroelectronics nor the names of its contributors
  23:Src/stm32f1xx_hal_msp.c ****   *      may be used to endorse or promote products derived from this software
  24:Src/stm32f1xx_hal_msp.c ****   *      without specific prior written permission.
  25:Src/stm32f1xx_hal_msp.c ****   *
  26:Src/stm32f1xx_hal_msp.c ****   * THIS SOFTWARE IS PROVIDED BY THE COPYRIGHT HOLDERS AND CONTRIBUTORS "AS IS"
  27:Src/stm32f1xx_hal_msp.c ****   * AND ANY EXPRESS OR IMPLIED WARRANTIES, INCLUDING, BUT NOT LIMITED TO, THE
  28:Src/stm32f1xx_hal_msp.c ****   * IMPLIED WARRANTIES OF MERCHANTABILITY AND FITNESS FOR A PARTICULAR PURPOSE ARE
  29:Src/stm32f1xx_hal_msp.c ****   * DISCLAIMED. IN NO EVENT SHALL THE COPYRIGHT HOLDER OR CONTRIBUTORS BE LIABLE
  30:Src/stm32f1xx_hal_msp.c ****   * FOR ANY DIRECT, INDIRECT, INCIDENTAL, SPECIAL, EXEMPLARY, OR CONSEQUENTIAL
  31:Src/stm32f1xx_hal_msp.c ****   * DAMAGES (INCLUDING, BUT NOT LIMITED TO, PROCUREMENT OF SUBSTITUTE GOODS OR
  32:Src/stm32f1xx_hal_msp.c ****   * SERVICES; LOSS OF USE, DATA, OR PROFITS; OR BUSINESS INTERRUPTION) HOWEVER
  33:Src/stm32f1xx_hal_msp.c ****   * CAUSED AND ON ANY THEORY OF LIABILITY, WHETHER IN CONTRACT, STRICT LIABILITY,
ARM GAS  /tmp/ccBXP1Y8.s 			page 2


  34:Src/stm32f1xx_hal_msp.c ****   * OR TORT (INCLUDING NEGLIGENCE OR OTHERWISE) ARISING IN ANY WAY OUT OF THE USE
  35:Src/stm32f1xx_hal_msp.c ****   * OF THIS SOFTWARE, EVEN IF ADVISED OF THE POSSIBILITY OF SUCH DAMAGE.
  36:Src/stm32f1xx_hal_msp.c ****   *
  37:Src/stm32f1xx_hal_msp.c ****   ******************************************************************************
  38:Src/stm32f1xx_hal_msp.c ****   */
  39:Src/stm32f1xx_hal_msp.c **** /* Includes ------------------------------------------------------------------*/
  40:Src/stm32f1xx_hal_msp.c **** #include "stm32f1xx_hal.h"
  41:Src/stm32f1xx_hal_msp.c **** 
  42:Src/stm32f1xx_hal_msp.c **** extern void _Error_Handler(char *, int);
  43:Src/stm32f1xx_hal_msp.c **** /* USER CODE BEGIN 0 */
  44:Src/stm32f1xx_hal_msp.c **** 
  45:Src/stm32f1xx_hal_msp.c **** /* USER CODE END 0 */
  46:Src/stm32f1xx_hal_msp.c **** /**
  47:Src/stm32f1xx_hal_msp.c ****   * Initializes the Global MSP.
  48:Src/stm32f1xx_hal_msp.c ****   */
  49:Src/stm32f1xx_hal_msp.c **** void HAL_MspInit(void)
  50:Src/stm32f1xx_hal_msp.c **** {
  26              		.loc 1 50 0
  27              		.cfi_startproc
  28              		@ args = 0, pretend = 0, frame = 8
  29              		@ frame_needed = 0, uses_anonymous_args = 0
  30 0000 00B5     		push	{lr}
  31              	.LCFI0:
  32              		.cfi_def_cfa_offset 4
  33              		.cfi_offset 14, -4
  34 0002 83B0     		sub	sp, sp, #12
  35              	.LCFI1:
  36              		.cfi_def_cfa_offset 16
  37              	.LBB2:
  51:Src/stm32f1xx_hal_msp.c ****   /* USER CODE BEGIN MspInit 0 */
  52:Src/stm32f1xx_hal_msp.c **** 
  53:Src/stm32f1xx_hal_msp.c ****   /* USER CODE END MspInit 0 */
  54:Src/stm32f1xx_hal_msp.c **** 
  55:Src/stm32f1xx_hal_msp.c ****   __HAL_RCC_AFIO_CLK_ENABLE();
  38              		.loc 1 55 0
  39 0004 214B     		ldr	r3, .L3
  40 0006 9A69     		ldr	r2, [r3, #24]
  41 0008 42F00102 		orr	r2, r2, #1
  42 000c 9A61     		str	r2, [r3, #24]
  43 000e 9B69     		ldr	r3, [r3, #24]
  44 0010 03F00103 		and	r3, r3, #1
  45 0014 0193     		str	r3, [sp, #4]
  46 0016 019B     		ldr	r3, [sp, #4]
  47              	.LBE2:
  56:Src/stm32f1xx_hal_msp.c **** 
  57:Src/stm32f1xx_hal_msp.c ****   HAL_NVIC_SetPriorityGrouping(NVIC_PRIORITYGROUP_4);
  48              		.loc 1 57 0
  49 0018 0320     		movs	r0, #3
  50 001a FFF7FEFF 		bl	HAL_NVIC_SetPriorityGrouping
  51              	.LVL0:
  58:Src/stm32f1xx_hal_msp.c **** 
  59:Src/stm32f1xx_hal_msp.c ****   /* System interrupt init*/
  60:Src/stm32f1xx_hal_msp.c ****   /* MemoryManagement_IRQn interrupt configuration */
  61:Src/stm32f1xx_hal_msp.c ****   HAL_NVIC_SetPriority(MemoryManagement_IRQn, 0, 0);
  52              		.loc 1 61 0
  53 001e 0022     		movs	r2, #0
  54 0020 1146     		mov	r1, r2
ARM GAS  /tmp/ccBXP1Y8.s 			page 3


  55 0022 6FF00B00 		mvn	r0, #11
  56 0026 FFF7FEFF 		bl	HAL_NVIC_SetPriority
  57              	.LVL1:
  62:Src/stm32f1xx_hal_msp.c ****   /* BusFault_IRQn interrupt configuration */
  63:Src/stm32f1xx_hal_msp.c ****   HAL_NVIC_SetPriority(BusFault_IRQn, 0, 0);
  58              		.loc 1 63 0
  59 002a 0022     		movs	r2, #0
  60 002c 1146     		mov	r1, r2
  61 002e 6FF00A00 		mvn	r0, #10
  62 0032 FFF7FEFF 		bl	HAL_NVIC_SetPriority
  63              	.LVL2:
  64:Src/stm32f1xx_hal_msp.c ****   /* UsageFault_IRQn interrupt configuration */
  65:Src/stm32f1xx_hal_msp.c ****   HAL_NVIC_SetPriority(UsageFault_IRQn, 0, 0);
  64              		.loc 1 65 0
  65 0036 0022     		movs	r2, #0
  66 0038 1146     		mov	r1, r2
  67 003a 6FF00900 		mvn	r0, #9
  68 003e FFF7FEFF 		bl	HAL_NVIC_SetPriority
  69              	.LVL3:
  66:Src/stm32f1xx_hal_msp.c ****   /* SVCall_IRQn interrupt configuration */
  67:Src/stm32f1xx_hal_msp.c ****   HAL_NVIC_SetPriority(SVCall_IRQn, 0, 0);
  70              		.loc 1 67 0
  71 0042 0022     		movs	r2, #0
  72 0044 1146     		mov	r1, r2
  73 0046 6FF00400 		mvn	r0, #4
  74 004a FFF7FEFF 		bl	HAL_NVIC_SetPriority
  75              	.LVL4:
  68:Src/stm32f1xx_hal_msp.c ****   /* DebugMonitor_IRQn interrupt configuration */
  69:Src/stm32f1xx_hal_msp.c ****   HAL_NVIC_SetPriority(DebugMonitor_IRQn, 0, 0);
  76              		.loc 1 69 0
  77 004e 0022     		movs	r2, #0
  78 0050 1146     		mov	r1, r2
  79 0052 6FF00300 		mvn	r0, #3
  80 0056 FFF7FEFF 		bl	HAL_NVIC_SetPriority
  81              	.LVL5:
  70:Src/stm32f1xx_hal_msp.c ****   /* PendSV_IRQn interrupt configuration */
  71:Src/stm32f1xx_hal_msp.c ****   HAL_NVIC_SetPriority(PendSV_IRQn, 0, 0);
  82              		.loc 1 71 0
  83 005a 0022     		movs	r2, #0
  84 005c 1146     		mov	r1, r2
  85 005e 6FF00100 		mvn	r0, #1
  86 0062 FFF7FEFF 		bl	HAL_NVIC_SetPriority
  87              	.LVL6:
  72:Src/stm32f1xx_hal_msp.c ****   /* SysTick_IRQn interrupt configuration */
  73:Src/stm32f1xx_hal_msp.c ****   HAL_NVIC_SetPriority(SysTick_IRQn, 0, 0);
  88              		.loc 1 73 0
  89 0066 0022     		movs	r2, #0
  90 0068 1146     		mov	r1, r2
  91 006a 4FF0FF30 		mov	r0, #-1
  92 006e FFF7FEFF 		bl	HAL_NVIC_SetPriority
  93              	.LVL7:
  74:Src/stm32f1xx_hal_msp.c **** 
  75:Src/stm32f1xx_hal_msp.c ****     /**NOJTAG: JTAG-DP Disabled and SW-DP Enabled 
  76:Src/stm32f1xx_hal_msp.c ****     */
  77:Src/stm32f1xx_hal_msp.c ****   __HAL_AFIO_REMAP_SWJ_NOJTAG();
  94              		.loc 1 77 0
  95 0072 074B     		ldr	r3, .L3+4
ARM GAS  /tmp/ccBXP1Y8.s 			page 4


  96 0074 5A68     		ldr	r2, [r3, #4]
  97 0076 22F0E062 		bic	r2, r2, #117440512
  98 007a 5A60     		str	r2, [r3, #4]
  99 007c 5A68     		ldr	r2, [r3, #4]
 100 007e 42F00072 		orr	r2, r2, #33554432
 101 0082 5A60     		str	r2, [r3, #4]
  78:Src/stm32f1xx_hal_msp.c **** 
  79:Src/stm32f1xx_hal_msp.c ****   /* USER CODE BEGIN MspInit 1 */
  80:Src/stm32f1xx_hal_msp.c **** 
  81:Src/stm32f1xx_hal_msp.c ****   /* USER CODE END MspInit 1 */
  82:Src/stm32f1xx_hal_msp.c **** }
 102              		.loc 1 82 0
 103 0084 03B0     		add	sp, sp, #12
 104              	.LCFI2:
 105              		.cfi_def_cfa_offset 4
 106              		@ sp needed
 107 0086 5DF804FB 		ldr	pc, [sp], #4
 108              	.L4:
 109 008a 00BF     		.align	2
 110              	.L3:
 111 008c 00100240 		.word	1073876992
 112 0090 00000140 		.word	1073807360
 113              		.cfi_endproc
 114              	.LFE64:
 116              		.section	.text.HAL_UART_MspInit,"ax",%progbits
 117              		.align	1
 118              		.global	HAL_UART_MspInit
 119              		.syntax unified
 120              		.thumb
 121              		.thumb_func
 122              		.fpu softvfp
 124              	HAL_UART_MspInit:
 125              	.LFB65:
  83:Src/stm32f1xx_hal_msp.c **** 
  84:Src/stm32f1xx_hal_msp.c **** void HAL_UART_MspInit(UART_HandleTypeDef* huart)
  85:Src/stm32f1xx_hal_msp.c **** {
 126              		.loc 1 85 0
 127              		.cfi_startproc
 128              		@ args = 0, pretend = 0, frame = 24
 129              		@ frame_needed = 0, uses_anonymous_args = 0
 130              	.LVL8:
  86:Src/stm32f1xx_hal_msp.c **** 
  87:Src/stm32f1xx_hal_msp.c ****   GPIO_InitTypeDef GPIO_InitStruct;
  88:Src/stm32f1xx_hal_msp.c ****   if(huart->Instance==USART1)
 131              		.loc 1 88 0
 132 0000 0268     		ldr	r2, [r0]
 133 0002 184B     		ldr	r3, .L12
 134 0004 9A42     		cmp	r2, r3
 135 0006 00D0     		beq	.L11
 136 0008 7047     		bx	lr
 137              	.L11:
  85:Src/stm32f1xx_hal_msp.c **** 
 138              		.loc 1 85 0
 139 000a 30B5     		push	{r4, r5, lr}
 140              	.LCFI3:
 141              		.cfi_def_cfa_offset 12
 142              		.cfi_offset 4, -12
ARM GAS  /tmp/ccBXP1Y8.s 			page 5


 143              		.cfi_offset 5, -8
 144              		.cfi_offset 14, -4
 145 000c 87B0     		sub	sp, sp, #28
 146              	.LCFI4:
 147              		.cfi_def_cfa_offset 40
 148              	.LBB3:
  89:Src/stm32f1xx_hal_msp.c ****   {
  90:Src/stm32f1xx_hal_msp.c ****   /* USER CODE BEGIN USART1_MspInit 0 */
  91:Src/stm32f1xx_hal_msp.c **** 
  92:Src/stm32f1xx_hal_msp.c ****   /* USER CODE END USART1_MspInit 0 */
  93:Src/stm32f1xx_hal_msp.c ****     /* Peripheral clock enable */
  94:Src/stm32f1xx_hal_msp.c ****     __HAL_RCC_USART1_CLK_ENABLE();
 149              		.loc 1 94 0
 150 000e 03F55843 		add	r3, r3, #55296
 151 0012 9A69     		ldr	r2, [r3, #24]
 152 0014 42F48042 		orr	r2, r2, #16384
 153 0018 9A61     		str	r2, [r3, #24]
 154 001a 9B69     		ldr	r3, [r3, #24]
 155 001c 03F48043 		and	r3, r3, #16384
 156 0020 0193     		str	r3, [sp, #4]
 157 0022 019B     		ldr	r3, [sp, #4]
 158              	.LBE3:
  95:Src/stm32f1xx_hal_msp.c ****   
  96:Src/stm32f1xx_hal_msp.c ****     /**USART1 GPIO Configuration    
  97:Src/stm32f1xx_hal_msp.c ****     PA9     ------> USART1_TX
  98:Src/stm32f1xx_hal_msp.c ****     PA10     ------> USART1_RX 
  99:Src/stm32f1xx_hal_msp.c ****     */
 100:Src/stm32f1xx_hal_msp.c ****     GPIO_InitStruct.Pin = GPIO_PIN_9;
 159              		.loc 1 100 0
 160 0024 4FF40073 		mov	r3, #512
 161 0028 0293     		str	r3, [sp, #8]
 101:Src/stm32f1xx_hal_msp.c ****     GPIO_InitStruct.Mode = GPIO_MODE_AF_PP;
 162              		.loc 1 101 0
 163 002a 0223     		movs	r3, #2
 164 002c 0393     		str	r3, [sp, #12]
 102:Src/stm32f1xx_hal_msp.c ****     GPIO_InitStruct.Speed = GPIO_SPEED_FREQ_HIGH;
 165              		.loc 1 102 0
 166 002e 0323     		movs	r3, #3
 167 0030 0593     		str	r3, [sp, #20]
 103:Src/stm32f1xx_hal_msp.c ****     HAL_GPIO_Init(GPIOA, &GPIO_InitStruct);
 168              		.loc 1 103 0
 169 0032 0D4D     		ldr	r5, .L12+4
 170 0034 02A9     		add	r1, sp, #8
 171 0036 2846     		mov	r0, r5
 172              	.LVL9:
 173 0038 FFF7FEFF 		bl	HAL_GPIO_Init
 174              	.LVL10:
 104:Src/stm32f1xx_hal_msp.c **** 
 105:Src/stm32f1xx_hal_msp.c ****     GPIO_InitStruct.Pin = GPIO_PIN_10;
 175              		.loc 1 105 0
 176 003c 4FF48063 		mov	r3, #1024
 177 0040 0293     		str	r3, [sp, #8]
 106:Src/stm32f1xx_hal_msp.c ****     GPIO_InitStruct.Mode = GPIO_MODE_INPUT;
 178              		.loc 1 106 0
 179 0042 0024     		movs	r4, #0
 180 0044 0394     		str	r4, [sp, #12]
 107:Src/stm32f1xx_hal_msp.c ****     GPIO_InitStruct.Pull = GPIO_NOPULL;
ARM GAS  /tmp/ccBXP1Y8.s 			page 6


 181              		.loc 1 107 0
 182 0046 0494     		str	r4, [sp, #16]
 108:Src/stm32f1xx_hal_msp.c ****     HAL_GPIO_Init(GPIOA, &GPIO_InitStruct);
 183              		.loc 1 108 0
 184 0048 02A9     		add	r1, sp, #8
 185 004a 2846     		mov	r0, r5
 186 004c FFF7FEFF 		bl	HAL_GPIO_Init
 187              	.LVL11:
 109:Src/stm32f1xx_hal_msp.c **** 
 110:Src/stm32f1xx_hal_msp.c ****     /* USART1 interrupt Init */
 111:Src/stm32f1xx_hal_msp.c ****     // Magic pixie dust
 112:Src/stm32f1xx_hal_msp.c ****     HAL_NVIC_SetPriority(USART1_IRQn, 0, 0);
 188              		.loc 1 112 0
 189 0050 2246     		mov	r2, r4
 190 0052 2146     		mov	r1, r4
 191 0054 2520     		movs	r0, #37
 192 0056 FFF7FEFF 		bl	HAL_NVIC_SetPriority
 193              	.LVL12:
 113:Src/stm32f1xx_hal_msp.c ****     HAL_NVIC_EnableIRQ(USART1_IRQn);
 194              		.loc 1 113 0
 195 005a 2520     		movs	r0, #37
 196 005c FFF7FEFF 		bl	HAL_NVIC_EnableIRQ
 197              	.LVL13:
 114:Src/stm32f1xx_hal_msp.c ****   /* USER CODE BEGIN USART1_MspInit 1 */
 115:Src/stm32f1xx_hal_msp.c **** 
 116:Src/stm32f1xx_hal_msp.c ****   /* USER CODE END USART1_MspInit 1 */
 117:Src/stm32f1xx_hal_msp.c ****   }
 118:Src/stm32f1xx_hal_msp.c **** 
 119:Src/stm32f1xx_hal_msp.c **** }
 198              		.loc 1 119 0
 199 0060 07B0     		add	sp, sp, #28
 200              	.LCFI5:
 201              		.cfi_def_cfa_offset 12
 202              		@ sp needed
 203 0062 30BD     		pop	{r4, r5, pc}
 204              	.L13:
 205              		.align	2
 206              	.L12:
 207 0064 00380140 		.word	1073821696
 208 0068 00080140 		.word	1073809408
 209              		.cfi_endproc
 210              	.LFE65:
 212              		.section	.text.HAL_UART_MspDeInit,"ax",%progbits
 213              		.align	1
 214              		.global	HAL_UART_MspDeInit
 215              		.syntax unified
 216              		.thumb
 217              		.thumb_func
 218              		.fpu softvfp
 220              	HAL_UART_MspDeInit:
 221              	.LFB66:
 120:Src/stm32f1xx_hal_msp.c **** 
 121:Src/stm32f1xx_hal_msp.c **** void HAL_UART_MspDeInit(UART_HandleTypeDef* huart)
 122:Src/stm32f1xx_hal_msp.c **** {
 222              		.loc 1 122 0
 223              		.cfi_startproc
 224              		@ args = 0, pretend = 0, frame = 0
ARM GAS  /tmp/ccBXP1Y8.s 			page 7


 225              		@ frame_needed = 0, uses_anonymous_args = 0
 226              	.LVL14:
 227 0000 08B5     		push	{r3, lr}
 228              	.LCFI6:
 229              		.cfi_def_cfa_offset 8
 230              		.cfi_offset 3, -8
 231              		.cfi_offset 14, -4
 123:Src/stm32f1xx_hal_msp.c **** 
 124:Src/stm32f1xx_hal_msp.c ****   if(huart->Instance==USART1)
 232              		.loc 1 124 0
 233 0002 0268     		ldr	r2, [r0]
 234 0004 084B     		ldr	r3, .L18
 235 0006 9A42     		cmp	r2, r3
 236 0008 00D0     		beq	.L17
 237              	.LVL15:
 238              	.L14:
 125:Src/stm32f1xx_hal_msp.c ****   {
 126:Src/stm32f1xx_hal_msp.c ****   /* USER CODE BEGIN USART1_MspDeInit 0 */
 127:Src/stm32f1xx_hal_msp.c **** 
 128:Src/stm32f1xx_hal_msp.c ****   /* USER CODE END USART1_MspDeInit 0 */
 129:Src/stm32f1xx_hal_msp.c ****     /* Peripheral clock disable */
 130:Src/stm32f1xx_hal_msp.c ****     __HAL_RCC_USART1_CLK_DISABLE();
 131:Src/stm32f1xx_hal_msp.c ****   
 132:Src/stm32f1xx_hal_msp.c ****     /**USART1 GPIO Configuration    
 133:Src/stm32f1xx_hal_msp.c ****     PA9     ------> USART1_TX
 134:Src/stm32f1xx_hal_msp.c ****     PA10     ------> USART1_RX 
 135:Src/stm32f1xx_hal_msp.c ****     */
 136:Src/stm32f1xx_hal_msp.c ****     HAL_GPIO_DeInit(GPIOA, GPIO_PIN_9|GPIO_PIN_10);
 137:Src/stm32f1xx_hal_msp.c **** 
 138:Src/stm32f1xx_hal_msp.c ****     /* USART1 interrupt DeInit */
 139:Src/stm32f1xx_hal_msp.c ****     HAL_NVIC_DisableIRQ(USART1_IRQn);
 140:Src/stm32f1xx_hal_msp.c ****   /* USER CODE BEGIN USART1_MspDeInit 1 */
 141:Src/stm32f1xx_hal_msp.c **** 
 142:Src/stm32f1xx_hal_msp.c ****   /* USER CODE END USART1_MspDeInit 1 */
 143:Src/stm32f1xx_hal_msp.c ****   }
 144:Src/stm32f1xx_hal_msp.c **** 
 145:Src/stm32f1xx_hal_msp.c **** }
 239              		.loc 1 145 0
 240 000a 08BD     		pop	{r3, pc}
 241              	.LVL16:
 242              	.L17:
 130:Src/stm32f1xx_hal_msp.c ****   
 243              		.loc 1 130 0
 244 000c 074A     		ldr	r2, .L18+4
 245 000e 9369     		ldr	r3, [r2, #24]
 246 0010 23F48043 		bic	r3, r3, #16384
 247 0014 9361     		str	r3, [r2, #24]
 136:Src/stm32f1xx_hal_msp.c **** 
 248              		.loc 1 136 0
 249 0016 4FF4C061 		mov	r1, #1536
 250 001a 0548     		ldr	r0, .L18+8
 251              	.LVL17:
 252 001c FFF7FEFF 		bl	HAL_GPIO_DeInit
 253              	.LVL18:
 139:Src/stm32f1xx_hal_msp.c ****   /* USER CODE BEGIN USART1_MspDeInit 1 */
 254              		.loc 1 139 0
 255 0020 2520     		movs	r0, #37
ARM GAS  /tmp/ccBXP1Y8.s 			page 8


 256 0022 FFF7FEFF 		bl	HAL_NVIC_DisableIRQ
 257              	.LVL19:
 258              		.loc 1 145 0
 259 0026 F0E7     		b	.L14
 260              	.L19:
 261              		.align	2
 262              	.L18:
 263 0028 00380140 		.word	1073821696
 264 002c 00100240 		.word	1073876992
 265 0030 00080140 		.word	1073809408
 266              		.cfi_endproc
 267              	.LFE66:
 269              		.text
 270              	.Letext0:
 271              		.file 2 "/usr/arm-none-eabi/include/machine/_default_types.h"
 272              		.file 3 "/usr/arm-none-eabi/include/sys/_stdint.h"
 273              		.file 4 "Drivers/CMSIS/Include/core_cm3.h"
 274              		.file 5 "Drivers/CMSIS/Device/ST/STM32F1xx/Include/system_stm32f1xx.h"
 275              		.file 6 "Drivers/CMSIS/Device/ST/STM32F1xx/Include/stm32f103xb.h"
 276              		.file 7 "/usr/arm-none-eabi/include/sys/lock.h"
 277              		.file 8 "/usr/arm-none-eabi/include/sys/_types.h"
 278              		.file 9 "/usr/lib/gcc/arm-none-eabi/7.1.0/include/stddef.h"
 279              		.file 10 "/usr/arm-none-eabi/include/sys/reent.h"
 280              		.file 11 "Drivers/STM32F1xx_HAL_Driver/Inc/stm32f1xx_hal_def.h"
 281              		.file 12 "Drivers/STM32F1xx_HAL_Driver/Inc/stm32f1xx_hal_gpio.h"
 282              		.file 13 "Drivers/STM32F1xx_HAL_Driver/Inc/stm32f1xx_hal_dma.h"
 283              		.file 14 "Drivers/STM32F1xx_HAL_Driver/Inc/stm32f1xx_hal_uart.h"
 284              		.file 15 "Drivers/STM32F1xx_HAL_Driver/Inc/stm32f1xx_hal_cortex.h"
ARM GAS  /tmp/ccBXP1Y8.s 			page 9


DEFINED SYMBOLS
                            *ABS*:0000000000000000 stm32f1xx_hal_msp.c
     /tmp/ccBXP1Y8.s:16     .text.HAL_MspInit:0000000000000000 $t
     /tmp/ccBXP1Y8.s:23     .text.HAL_MspInit:0000000000000000 HAL_MspInit
     /tmp/ccBXP1Y8.s:111    .text.HAL_MspInit:000000000000008c $d
     /tmp/ccBXP1Y8.s:117    .text.HAL_UART_MspInit:0000000000000000 $t
     /tmp/ccBXP1Y8.s:124    .text.HAL_UART_MspInit:0000000000000000 HAL_UART_MspInit
     /tmp/ccBXP1Y8.s:207    .text.HAL_UART_MspInit:0000000000000064 $d
     /tmp/ccBXP1Y8.s:213    .text.HAL_UART_MspDeInit:0000000000000000 $t
     /tmp/ccBXP1Y8.s:220    .text.HAL_UART_MspDeInit:0000000000000000 HAL_UART_MspDeInit
     /tmp/ccBXP1Y8.s:263    .text.HAL_UART_MspDeInit:0000000000000028 $d
                     .debug_frame:0000000000000010 $d

UNDEFINED SYMBOLS
HAL_NVIC_SetPriorityGrouping
HAL_NVIC_SetPriority
HAL_GPIO_Init
HAL_NVIC_EnableIRQ
HAL_GPIO_DeInit
HAL_NVIC_DisableIRQ
