ARM GAS  /tmp/ccRoAcNd.s 			page 1


   1              		.cpu cortex-m3
   2              		.eabi_attribute 20, 1
   3              		.eabi_attribute 21, 1
   4              		.eabi_attribute 23, 3
   5              		.eabi_attribute 24, 1
   6              		.eabi_attribute 25, 1
   7              		.eabi_attribute 26, 1
   8              		.eabi_attribute 30, 1
   9              		.eabi_attribute 34, 1
  10              		.eabi_attribute 18, 4
  11              		.file	"stm32f1xx_it.c"
  12              		.text
  13              	.Ltext0:
  14              		.cfi_sections	.debug_frame
  15              		.section	.text.NMI_Handler,"ax",%progbits
  16              		.align	1
  17              		.global	NMI_Handler
  18              		.syntax unified
  19              		.thumb
  20              		.thumb_func
  21              		.fpu softvfp
  23              	NMI_Handler:
  24              	.LFB64:
  25              		.file 1 "Src/stm32f1xx_it.c"
   1:Src/stm32f1xx_it.c **** /**
   2:Src/stm32f1xx_it.c ****   ******************************************************************************
   3:Src/stm32f1xx_it.c ****   * @file    stm32f1xx_it.c
   4:Src/stm32f1xx_it.c ****   * @brief   Interrupt Service Routines.
   5:Src/stm32f1xx_it.c ****   ******************************************************************************
   6:Src/stm32f1xx_it.c ****   *
   7:Src/stm32f1xx_it.c ****   * COPYRIGHT(c) 2017 STMicroelectronics
   8:Src/stm32f1xx_it.c ****   *
   9:Src/stm32f1xx_it.c ****   * Redistribution and use in source and binary forms, with or without modification,
  10:Src/stm32f1xx_it.c ****   * are permitted provided that the following conditions are met:
  11:Src/stm32f1xx_it.c ****   *   1. Redistributions of source code must retain the above copyright notice,
  12:Src/stm32f1xx_it.c ****   *      this list of conditions and the following disclaimer.
  13:Src/stm32f1xx_it.c ****   *   2. Redistributions in binary form must reproduce the above copyright notice,
  14:Src/stm32f1xx_it.c ****   *      this list of conditions and the following disclaimer in the documentation
  15:Src/stm32f1xx_it.c ****   *      and/or other materials provided with the distribution.
  16:Src/stm32f1xx_it.c ****   *   3. Neither the name of STMicroelectronics nor the names of its contributors
  17:Src/stm32f1xx_it.c ****   *      may be used to endorse or promote products derived from this software
  18:Src/stm32f1xx_it.c ****   *      without specific prior written permission.
  19:Src/stm32f1xx_it.c ****   *
  20:Src/stm32f1xx_it.c ****   * THIS SOFTWARE IS PROVIDED BY THE COPYRIGHT HOLDERS AND CONTRIBUTORS "AS IS"
  21:Src/stm32f1xx_it.c ****   * AND ANY EXPRESS OR IMPLIED WARRANTIES, INCLUDING, BUT NOT LIMITED TO, THE
  22:Src/stm32f1xx_it.c ****   * IMPLIED WARRANTIES OF MERCHANTABILITY AND FITNESS FOR A PARTICULAR PURPOSE ARE
  23:Src/stm32f1xx_it.c ****   * DISCLAIMED. IN NO EVENT SHALL THE COPYRIGHT HOLDER OR CONTRIBUTORS BE LIABLE
  24:Src/stm32f1xx_it.c ****   * FOR ANY DIRECT, INDIRECT, INCIDENTAL, SPECIAL, EXEMPLARY, OR CONSEQUENTIAL
  25:Src/stm32f1xx_it.c ****   * DAMAGES (INCLUDING, BUT NOT LIMITED TO, PROCUREMENT OF SUBSTITUTE GOODS OR
  26:Src/stm32f1xx_it.c ****   * SERVICES; LOSS OF USE, DATA, OR PROFITS; OR BUSINESS INTERRUPTION) HOWEVER
  27:Src/stm32f1xx_it.c ****   * CAUSED AND ON ANY THEORY OF LIABILITY, WHETHER IN CONTRACT, STRICT LIABILITY,
  28:Src/stm32f1xx_it.c ****   * OR TORT (INCLUDING NEGLIGENCE OR OTHERWISE) ARISING IN ANY WAY OUT OF THE USE
  29:Src/stm32f1xx_it.c ****   * OF THIS SOFTWARE, EVEN IF ADVISED OF THE POSSIBILITY OF SUCH DAMAGE.
  30:Src/stm32f1xx_it.c ****   *
  31:Src/stm32f1xx_it.c ****   ******************************************************************************
  32:Src/stm32f1xx_it.c ****   */
  33:Src/stm32f1xx_it.c **** /* Includes ------------------------------------------------------------------*/
ARM GAS  /tmp/ccRoAcNd.s 			page 2


  34:Src/stm32f1xx_it.c **** #include "stm32f1xx_hal.h"
  35:Src/stm32f1xx_it.c **** #include "stm32f1xx.h"
  36:Src/stm32f1xx_it.c **** #include "stm32f1xx_it.h"
  37:Src/stm32f1xx_it.c **** #include <stdio.h>
  38:Src/stm32f1xx_it.c **** #include <string.h>
  39:Src/stm32f1xx_it.c **** 
  40:Src/stm32f1xx_it.c **** /* USER CODE BEGIN 0 */
  41:Src/stm32f1xx_it.c **** extern uint8_t bufferRx[5];
  42:Src/stm32f1xx_it.c **** extern __IO ITStatus UartReady;
  43:Src/stm32f1xx_it.c **** extern char commBuff[50];
  44:Src/stm32f1xx_it.c **** extern int commBuff_index;
  45:Src/stm32f1xx_it.c **** //char action[60];
  46:Src/stm32f1xx_it.c **** /* USER CODE END 0 */
  47:Src/stm32f1xx_it.c **** 
  48:Src/stm32f1xx_it.c **** /* External variables --------------------------------------------------------*/
  49:Src/stm32f1xx_it.c **** extern UART_HandleTypeDef huart1;
  50:Src/stm32f1xx_it.c **** 
  51:Src/stm32f1xx_it.c **** /******************************************************************************/
  52:Src/stm32f1xx_it.c **** /*            Cortex-M3 Processor Interruption and Exception Handlers         */ 
  53:Src/stm32f1xx_it.c **** /******************************************************************************/
  54:Src/stm32f1xx_it.c **** 
  55:Src/stm32f1xx_it.c **** /**
  56:Src/stm32f1xx_it.c **** * @brief This function handles Non maskable interrupt.
  57:Src/stm32f1xx_it.c **** */
  58:Src/stm32f1xx_it.c **** void NMI_Handler(void)
  59:Src/stm32f1xx_it.c **** {
  26              		.loc 1 59 0
  27              		.cfi_startproc
  28              		@ args = 0, pretend = 0, frame = 0
  29              		@ frame_needed = 0, uses_anonymous_args = 0
  30              		@ link register save eliminated.
  60:Src/stm32f1xx_it.c ****   /* USER CODE BEGIN NonMaskableInt_IRQn 0 */
  61:Src/stm32f1xx_it.c **** 
  62:Src/stm32f1xx_it.c ****   /* USER CODE END NonMaskableInt_IRQn 0 */
  63:Src/stm32f1xx_it.c ****   /* USER CODE BEGIN NonMaskableInt_IRQn 1 */
  64:Src/stm32f1xx_it.c **** 
  65:Src/stm32f1xx_it.c ****   /* USER CODE END NonMaskableInt_IRQn 1 */
  66:Src/stm32f1xx_it.c **** }
  31              		.loc 1 66 0
  32 0000 7047     		bx	lr
  33              		.cfi_endproc
  34              	.LFE64:
  36              		.section	.text.HardFault_Handler,"ax",%progbits
  37              		.align	1
  38              		.global	HardFault_Handler
  39              		.syntax unified
  40              		.thumb
  41              		.thumb_func
  42              		.fpu softvfp
  44              	HardFault_Handler:
  45              	.LFB65:
  67:Src/stm32f1xx_it.c **** 
  68:Src/stm32f1xx_it.c **** /**
  69:Src/stm32f1xx_it.c **** * @brief This function handles Hard fault interrupt.
  70:Src/stm32f1xx_it.c **** */
  71:Src/stm32f1xx_it.c **** void HardFault_Handler(void)
  72:Src/stm32f1xx_it.c **** {
ARM GAS  /tmp/ccRoAcNd.s 			page 3


  46              		.loc 1 72 0
  47              		.cfi_startproc
  48              		@ Volatile: function does not return.
  49              		@ args = 0, pretend = 0, frame = 0
  50              		@ frame_needed = 0, uses_anonymous_args = 0
  51              		@ link register save eliminated.
  52              	.L3:
  53 0000 FEE7     		b	.L3
  54              		.cfi_endproc
  55              	.LFE65:
  57              		.section	.text.MemManage_Handler,"ax",%progbits
  58              		.align	1
  59              		.global	MemManage_Handler
  60              		.syntax unified
  61              		.thumb
  62              		.thumb_func
  63              		.fpu softvfp
  65              	MemManage_Handler:
  66              	.LFB66:
  73:Src/stm32f1xx_it.c ****   /* USER CODE BEGIN HardFault_IRQn 0 */
  74:Src/stm32f1xx_it.c **** 
  75:Src/stm32f1xx_it.c ****   /* USER CODE END HardFault_IRQn 0 */
  76:Src/stm32f1xx_it.c ****   while (1)
  77:Src/stm32f1xx_it.c ****   {
  78:Src/stm32f1xx_it.c ****   }
  79:Src/stm32f1xx_it.c ****   /* USER CODE BEGIN HardFault_IRQn 1 */
  80:Src/stm32f1xx_it.c **** 
  81:Src/stm32f1xx_it.c ****   /* USER CODE END HardFault_IRQn 1 */
  82:Src/stm32f1xx_it.c **** }
  83:Src/stm32f1xx_it.c **** 
  84:Src/stm32f1xx_it.c **** /**
  85:Src/stm32f1xx_it.c **** * @brief This function handles Memory management fault.
  86:Src/stm32f1xx_it.c **** */
  87:Src/stm32f1xx_it.c **** void MemManage_Handler(void)
  88:Src/stm32f1xx_it.c **** {
  67              		.loc 1 88 0
  68              		.cfi_startproc
  69              		@ Volatile: function does not return.
  70              		@ args = 0, pretend = 0, frame = 0
  71              		@ frame_needed = 0, uses_anonymous_args = 0
  72              		@ link register save eliminated.
  73              	.L5:
  74 0000 FEE7     		b	.L5
  75              		.cfi_endproc
  76              	.LFE66:
  78              		.section	.text.BusFault_Handler,"ax",%progbits
  79              		.align	1
  80              		.global	BusFault_Handler
  81              		.syntax unified
  82              		.thumb
  83              		.thumb_func
  84              		.fpu softvfp
  86              	BusFault_Handler:
  87              	.LFB67:
  89:Src/stm32f1xx_it.c ****   /* USER CODE BEGIN MemoryManagement_IRQn 0 */
  90:Src/stm32f1xx_it.c **** 
  91:Src/stm32f1xx_it.c ****   /* USER CODE END MemoryManagement_IRQn 0 */
ARM GAS  /tmp/ccRoAcNd.s 			page 4


  92:Src/stm32f1xx_it.c ****   while (1)
  93:Src/stm32f1xx_it.c ****   {
  94:Src/stm32f1xx_it.c ****   }
  95:Src/stm32f1xx_it.c ****   /* USER CODE BEGIN MemoryManagement_IRQn 1 */
  96:Src/stm32f1xx_it.c **** 
  97:Src/stm32f1xx_it.c ****   /* USER CODE END MemoryManagement_IRQn 1 */
  98:Src/stm32f1xx_it.c **** }
  99:Src/stm32f1xx_it.c **** 
 100:Src/stm32f1xx_it.c **** /**
 101:Src/stm32f1xx_it.c **** * @brief This function handles Prefetch fault, memory access fault.
 102:Src/stm32f1xx_it.c **** */
 103:Src/stm32f1xx_it.c **** void BusFault_Handler(void)
 104:Src/stm32f1xx_it.c **** {
  88              		.loc 1 104 0
  89              		.cfi_startproc
  90              		@ Volatile: function does not return.
  91              		@ args = 0, pretend = 0, frame = 0
  92              		@ frame_needed = 0, uses_anonymous_args = 0
  93              		@ link register save eliminated.
  94              	.L7:
  95 0000 FEE7     		b	.L7
  96              		.cfi_endproc
  97              	.LFE67:
  99              		.section	.text.UsageFault_Handler,"ax",%progbits
 100              		.align	1
 101              		.global	UsageFault_Handler
 102              		.syntax unified
 103              		.thumb
 104              		.thumb_func
 105              		.fpu softvfp
 107              	UsageFault_Handler:
 108              	.LFB68:
 105:Src/stm32f1xx_it.c ****   /* USER CODE BEGIN BusFault_IRQn 0 */
 106:Src/stm32f1xx_it.c **** 
 107:Src/stm32f1xx_it.c ****   /* USER CODE END BusFault_IRQn 0 */
 108:Src/stm32f1xx_it.c ****   while (1)
 109:Src/stm32f1xx_it.c ****   {
 110:Src/stm32f1xx_it.c ****   }
 111:Src/stm32f1xx_it.c ****   /* USER CODE BEGIN BusFault_IRQn 1 */
 112:Src/stm32f1xx_it.c **** 
 113:Src/stm32f1xx_it.c ****   /* USER CODE END BusFault_IRQn 1 */
 114:Src/stm32f1xx_it.c **** }
 115:Src/stm32f1xx_it.c **** 
 116:Src/stm32f1xx_it.c **** /**
 117:Src/stm32f1xx_it.c **** * @brief This function handles Undefined instruction or illegal state.
 118:Src/stm32f1xx_it.c **** */
 119:Src/stm32f1xx_it.c **** void UsageFault_Handler(void)
 120:Src/stm32f1xx_it.c **** {
 109              		.loc 1 120 0
 110              		.cfi_startproc
 111              		@ Volatile: function does not return.
 112              		@ args = 0, pretend = 0, frame = 0
 113              		@ frame_needed = 0, uses_anonymous_args = 0
 114              		@ link register save eliminated.
 115              	.L9:
 116 0000 FEE7     		b	.L9
 117              		.cfi_endproc
ARM GAS  /tmp/ccRoAcNd.s 			page 5


 118              	.LFE68:
 120              		.section	.text.SVC_Handler,"ax",%progbits
 121              		.align	1
 122              		.global	SVC_Handler
 123              		.syntax unified
 124              		.thumb
 125              		.thumb_func
 126              		.fpu softvfp
 128              	SVC_Handler:
 129              	.LFB69:
 121:Src/stm32f1xx_it.c ****   /* USER CODE BEGIN UsageFault_IRQn 0 */
 122:Src/stm32f1xx_it.c **** 
 123:Src/stm32f1xx_it.c ****   /* USER CODE END UsageFault_IRQn 0 */
 124:Src/stm32f1xx_it.c ****   while (1)
 125:Src/stm32f1xx_it.c ****   {
 126:Src/stm32f1xx_it.c ****   }
 127:Src/stm32f1xx_it.c ****   /* USER CODE BEGIN UsageFault_IRQn 1 */
 128:Src/stm32f1xx_it.c **** 
 129:Src/stm32f1xx_it.c ****   /* USER CODE END UsageFault_IRQn 1 */
 130:Src/stm32f1xx_it.c **** }
 131:Src/stm32f1xx_it.c **** 
 132:Src/stm32f1xx_it.c **** /**
 133:Src/stm32f1xx_it.c **** * @brief This function handles System service call via SWI instruction.
 134:Src/stm32f1xx_it.c **** */
 135:Src/stm32f1xx_it.c **** void SVC_Handler(void)
 136:Src/stm32f1xx_it.c **** {
 130              		.loc 1 136 0
 131              		.cfi_startproc
 132              		@ args = 0, pretend = 0, frame = 0
 133              		@ frame_needed = 0, uses_anonymous_args = 0
 134              		@ link register save eliminated.
 137:Src/stm32f1xx_it.c ****   /* USER CODE BEGIN SVCall_IRQn 0 */
 138:Src/stm32f1xx_it.c **** 
 139:Src/stm32f1xx_it.c ****   /* USER CODE END SVCall_IRQn 0 */
 140:Src/stm32f1xx_it.c ****   /* USER CODE BEGIN SVCall_IRQn 1 */
 141:Src/stm32f1xx_it.c **** 
 142:Src/stm32f1xx_it.c ****   /* USER CODE END SVCall_IRQn 1 */
 143:Src/stm32f1xx_it.c **** }
 135              		.loc 1 143 0
 136 0000 7047     		bx	lr
 137              		.cfi_endproc
 138              	.LFE69:
 140              		.section	.text.DebugMon_Handler,"ax",%progbits
 141              		.align	1
 142              		.global	DebugMon_Handler
 143              		.syntax unified
 144              		.thumb
 145              		.thumb_func
 146              		.fpu softvfp
 148              	DebugMon_Handler:
 149              	.LFB70:
 144:Src/stm32f1xx_it.c **** 
 145:Src/stm32f1xx_it.c **** /**
 146:Src/stm32f1xx_it.c **** * @brief This function handles Debug monitor.
 147:Src/stm32f1xx_it.c **** */
 148:Src/stm32f1xx_it.c **** void DebugMon_Handler(void)
 149:Src/stm32f1xx_it.c **** {
ARM GAS  /tmp/ccRoAcNd.s 			page 6


 150              		.loc 1 149 0
 151              		.cfi_startproc
 152              		@ args = 0, pretend = 0, frame = 0
 153              		@ frame_needed = 0, uses_anonymous_args = 0
 154              		@ link register save eliminated.
 150:Src/stm32f1xx_it.c ****   /* USER CODE BEGIN DebugMonitor_IRQn 0 */
 151:Src/stm32f1xx_it.c **** 
 152:Src/stm32f1xx_it.c ****   /* USER CODE END DebugMonitor_IRQn 0 */
 153:Src/stm32f1xx_it.c ****   /* USER CODE BEGIN DebugMonitor_IRQn 1 */
 154:Src/stm32f1xx_it.c **** 
 155:Src/stm32f1xx_it.c ****   /* USER CODE END DebugMonitor_IRQn 1 */
 156:Src/stm32f1xx_it.c **** }
 155              		.loc 1 156 0
 156 0000 7047     		bx	lr
 157              		.cfi_endproc
 158              	.LFE70:
 160              		.section	.text.PendSV_Handler,"ax",%progbits
 161              		.align	1
 162              		.global	PendSV_Handler
 163              		.syntax unified
 164              		.thumb
 165              		.thumb_func
 166              		.fpu softvfp
 168              	PendSV_Handler:
 169              	.LFB71:
 157:Src/stm32f1xx_it.c **** 
 158:Src/stm32f1xx_it.c **** /**
 159:Src/stm32f1xx_it.c **** * @brief This function handles Pendable request for system service.
 160:Src/stm32f1xx_it.c **** */
 161:Src/stm32f1xx_it.c **** void PendSV_Handler(void)
 162:Src/stm32f1xx_it.c **** {
 170              		.loc 1 162 0
 171              		.cfi_startproc
 172              		@ args = 0, pretend = 0, frame = 0
 173              		@ frame_needed = 0, uses_anonymous_args = 0
 174              		@ link register save eliminated.
 163:Src/stm32f1xx_it.c ****   /* USER CODE BEGIN PendSV_IRQn 0 */
 164:Src/stm32f1xx_it.c **** 
 165:Src/stm32f1xx_it.c ****   /* USER CODE END PendSV_IRQn 0 */
 166:Src/stm32f1xx_it.c ****   /* USER CODE BEGIN PendSV_IRQn 1 */
 167:Src/stm32f1xx_it.c **** 
 168:Src/stm32f1xx_it.c ****   /* USER CODE END PendSV_IRQn 1 */
 169:Src/stm32f1xx_it.c **** }
 175              		.loc 1 169 0
 176 0000 7047     		bx	lr
 177              		.cfi_endproc
 178              	.LFE71:
 180              		.section	.text.SysTick_Handler,"ax",%progbits
 181              		.align	1
 182              		.global	SysTick_Handler
 183              		.syntax unified
 184              		.thumb
 185              		.thumb_func
 186              		.fpu softvfp
 188              	SysTick_Handler:
 189              	.LFB72:
 170:Src/stm32f1xx_it.c **** 
ARM GAS  /tmp/ccRoAcNd.s 			page 7


 171:Src/stm32f1xx_it.c **** /**
 172:Src/stm32f1xx_it.c **** * @brief This function handles System tick timer.
 173:Src/stm32f1xx_it.c **** */
 174:Src/stm32f1xx_it.c **** void SysTick_Handler(void)
 175:Src/stm32f1xx_it.c **** {
 190              		.loc 1 175 0
 191              		.cfi_startproc
 192              		@ args = 0, pretend = 0, frame = 0
 193              		@ frame_needed = 0, uses_anonymous_args = 0
 194 0000 08B5     		push	{r3, lr}
 195              	.LCFI0:
 196              		.cfi_def_cfa_offset 8
 197              		.cfi_offset 3, -8
 198              		.cfi_offset 14, -4
 176:Src/stm32f1xx_it.c ****   /* USER CODE BEGIN SysTick_IRQn 0 */
 177:Src/stm32f1xx_it.c **** 
 178:Src/stm32f1xx_it.c ****   /* USER CODE END SysTick_IRQn 0 */
 179:Src/stm32f1xx_it.c ****   HAL_IncTick();
 199              		.loc 1 179 0
 200 0002 FFF7FEFF 		bl	HAL_IncTick
 201              	.LVL0:
 180:Src/stm32f1xx_it.c ****   HAL_SYSTICK_IRQHandler();
 202              		.loc 1 180 0
 203 0006 FFF7FEFF 		bl	HAL_SYSTICK_IRQHandler
 204              	.LVL1:
 181:Src/stm32f1xx_it.c ****   /* USER CODE BEGIN SysTick_IRQn 1 */
 182:Src/stm32f1xx_it.c **** 
 183:Src/stm32f1xx_it.c ****   /* USER CODE END SysTick_IRQn 1 */
 184:Src/stm32f1xx_it.c **** }
 205              		.loc 1 184 0
 206 000a 08BD     		pop	{r3, pc}
 207              		.cfi_endproc
 208              	.LFE72:
 210              		.text
 211              	.Letext0:
 212              		.file 2 "/usr/arm-none-eabi/include/machine/_default_types.h"
 213              		.file 3 "/usr/arm-none-eabi/include/sys/_stdint.h"
 214              		.file 4 "Drivers/CMSIS/Include/core_cm3.h"
 215              		.file 5 "Drivers/CMSIS/Device/ST/STM32F1xx/Include/system_stm32f1xx.h"
 216              		.file 6 "Drivers/CMSIS/Device/ST/STM32F1xx/Include/stm32f103xb.h"
 217              		.file 7 "Drivers/CMSIS/Device/ST/STM32F1xx/Include/stm32f1xx.h"
 218              		.file 8 "/usr/arm-none-eabi/include/sys/lock.h"
 219              		.file 9 "/usr/arm-none-eabi/include/sys/_types.h"
 220              		.file 10 "/usr/lib/gcc/arm-none-eabi/7.1.0/include/stddef.h"
 221              		.file 11 "/usr/arm-none-eabi/include/sys/reent.h"
 222              		.file 12 "Drivers/STM32F1xx_HAL_Driver/Inc/stm32f1xx_hal_def.h"
 223              		.file 13 "Drivers/STM32F1xx_HAL_Driver/Inc/stm32f1xx_hal_dma.h"
 224              		.file 14 "Drivers/STM32F1xx_HAL_Driver/Inc/stm32f1xx_hal_uart.h"
 225              		.file 15 "Drivers/STM32F1xx_HAL_Driver/Inc/stm32f1xx_hal.h"
 226              		.file 16 "Drivers/STM32F1xx_HAL_Driver/Inc/stm32f1xx_hal_cortex.h"
ARM GAS  /tmp/ccRoAcNd.s 			page 8


DEFINED SYMBOLS
                            *ABS*:0000000000000000 stm32f1xx_it.c
     /tmp/ccRoAcNd.s:16     .text.NMI_Handler:0000000000000000 $t
     /tmp/ccRoAcNd.s:23     .text.NMI_Handler:0000000000000000 NMI_Handler
     /tmp/ccRoAcNd.s:37     .text.HardFault_Handler:0000000000000000 $t
     /tmp/ccRoAcNd.s:44     .text.HardFault_Handler:0000000000000000 HardFault_Handler
     /tmp/ccRoAcNd.s:58     .text.MemManage_Handler:0000000000000000 $t
     /tmp/ccRoAcNd.s:65     .text.MemManage_Handler:0000000000000000 MemManage_Handler
     /tmp/ccRoAcNd.s:79     .text.BusFault_Handler:0000000000000000 $t
     /tmp/ccRoAcNd.s:86     .text.BusFault_Handler:0000000000000000 BusFault_Handler
     /tmp/ccRoAcNd.s:100    .text.UsageFault_Handler:0000000000000000 $t
     /tmp/ccRoAcNd.s:107    .text.UsageFault_Handler:0000000000000000 UsageFault_Handler
     /tmp/ccRoAcNd.s:121    .text.SVC_Handler:0000000000000000 $t
     /tmp/ccRoAcNd.s:128    .text.SVC_Handler:0000000000000000 SVC_Handler
     /tmp/ccRoAcNd.s:141    .text.DebugMon_Handler:0000000000000000 $t
     /tmp/ccRoAcNd.s:148    .text.DebugMon_Handler:0000000000000000 DebugMon_Handler
     /tmp/ccRoAcNd.s:161    .text.PendSV_Handler:0000000000000000 $t
     /tmp/ccRoAcNd.s:168    .text.PendSV_Handler:0000000000000000 PendSV_Handler
     /tmp/ccRoAcNd.s:181    .text.SysTick_Handler:0000000000000000 $t
     /tmp/ccRoAcNd.s:188    .text.SysTick_Handler:0000000000000000 SysTick_Handler
                     .debug_frame:0000000000000010 $d

UNDEFINED SYMBOLS
HAL_IncTick
HAL_SYSTICK_IRQHandler
